[0.332s] DEBUG:colcon:Command line arguments: ['/usr/bin/colcon', 'build', '--symlink-install']
[0.333s] DEBUG:colcon:Parsed command line arguments: Namespace(log_base=None, log_level=None, verb_name='build', build_base='build', install_base='install', merge_install=False, symlink_install=True, test_result_base=None, continue_on_error=False, executor='parallel', parallel_workers=12, event_handlers=None, ignore_user_meta=False, metas=['./colcon.meta'], base_paths=['.'], packages_ignore=None, packages_ignore_regex=None, paths=None, packages_up_to=None, packages_up_to_regex=None, packages_above=None, packages_above_and_dependencies=None, packages_above_depth=None, packages_select_by_dep=None, packages_skip_by_dep=None, packages_skip_up_to=None, packages_select_build_failed=False, packages_skip_build_finished=False, packages_select_test_failures=False, packages_skip_test_passed=False, packages_select=None, packages_skip=None, packages_select_regex=None, packages_skip_regex=None, packages_start=None, packages_end=None, cmake_args=None, cmake_target=None, cmake_target_skip_unavailable=False, cmake_clean_cache=False, cmake_clean_first=False, cmake_force_configure=False, ament_cmake_args=None, catkin_cmake_args=None, catkin_skip_building_tests=False, mixin_files=None, mixin=None, verb_parser=<colcon_mixin.mixin.mixin_argument.MixinArgumentDecorator object at 0x75b2532ffee0>, verb_extension=<colcon_core.verb.build.BuildVerb object at 0x75b2532ff760>, main=<bound method BuildVerb.main of <colcon_core.verb.build.BuildVerb object at 0x75b2532ff760>>, mixin_verb=('build',))
[0.835s] Level 1:colcon.colcon_core.package_discovery:discover_packages(colcon_meta) check parameters
[0.836s] INFO:colcon.colcon_metadata.package_discovery.colcon_meta:Using configuration from '/root/.colcon/metadata/default/Gazebo.meta'
[0.838s] INFO:colcon.colcon_metadata.package_discovery.colcon_meta:Using configuration from '/root/.colcon/metadata/default/fastdds.meta'
[0.839s] INFO:colcon.colcon_metadata.package_discovery.colcon_meta:Using configuration from '/root/.colcon/metadata/default/fastrtps.meta'
[0.840s] Level 1:colcon.colcon_core.package_discovery:discover_packages(recursive) check parameters
[0.842s] Level 1:colcon.colcon_core.package_discovery:discover_packages(ignore) check parameters
[0.842s] Level 1:colcon.colcon_core.package_discovery:discover_packages(path) check parameters
[0.843s] Level 1:colcon.colcon_core.package_discovery:discover_packages(colcon_meta) discover
[0.843s] Level 1:colcon.colcon_core.package_discovery:discover_packages(recursive) discover
[0.843s] INFO:colcon.colcon_core.package_discovery:Crawling recursively for packages in '/ros_ws'
[0.844s] Level 1:colcon.colcon_core.package_identification:_identify(.) by extensions ['ignore', 'ignore_ament_install']
[0.844s] Level 1:colcon.colcon_core.package_identification:_identify(.) by extension 'ignore'
[0.845s] Level 1:colcon.colcon_core.package_identification:_identify(.) by extension 'ignore_ament_install'
[0.846s] Level 1:colcon.colcon_core.package_identification:_identify(.) by extensions ['colcon_pkg']
[0.846s] Level 1:colcon.colcon_core.package_identification:_identify(.) by extension 'colcon_pkg'
[0.848s] Level 1:colcon.colcon_core.package_identification:_identify(.) by extensions ['colcon_meta']
[0.848s] Level 1:colcon.colcon_core.package_identification:_identify(.) by extension 'colcon_meta'
[0.848s] Level 1:colcon.colcon_core.package_identification:_identify(.) by extensions ['ros']
[0.849s] Level 1:colcon.colcon_core.package_identification:_identify(.) by extension 'ros'
[0.895s] Level 1:colcon.colcon_core.package_identification:_identify(.) by extensions ['cmake', 'python']
[0.896s] Level 1:colcon.colcon_core.package_identification:_identify(.) by extension 'cmake'
[0.896s] Level 1:colcon.colcon_core.package_identification:_identify(.) by extension 'python'
[0.897s] Level 1:colcon.colcon_core.package_identification:_identify(.) by extensions ['python_setup_py']
[0.897s] Level 1:colcon.colcon_core.package_identification:_identify(.) by extension 'python_setup_py'
[0.898s] Level 1:colcon.colcon_core.package_identification:_identify(JuanDaniel) by extensions ['ignore', 'ignore_ament_install']
[0.898s] Level 1:colcon.colcon_core.package_identification:_identify(JuanDaniel) by extension 'ignore'
[0.899s] Level 1:colcon.colcon_core.package_identification:_identify(JuanDaniel) by extension 'ignore_ament_install'
[0.899s] Level 1:colcon.colcon_core.package_identification:_identify(JuanDaniel) by extensions ['colcon_pkg']
[0.899s] Level 1:colcon.colcon_core.package_identification:_identify(JuanDaniel) by extension 'colcon_pkg'
[0.899s] Level 1:colcon.colcon_core.package_identification:_identify(JuanDaniel) by extensions ['colcon_meta']
[0.899s] Level 1:colcon.colcon_core.package_identification:_identify(JuanDaniel) by extension 'colcon_meta'
[0.900s] Level 1:colcon.colcon_core.package_identification:_identify(JuanDaniel) by extensions ['ros']
[0.900s] Level 1:colcon.colcon_core.package_identification:_identify(JuanDaniel) by extension 'ros'
[0.900s] Level 1:colcon.colcon_core.package_identification:_identify(JuanDaniel) by extensions ['cmake', 'python']
[0.900s] Level 1:colcon.colcon_core.package_identification:_identify(JuanDaniel) by extension 'cmake'
[0.901s] Level 1:colcon.colcon_core.package_identification:_identify(JuanDaniel) by extension 'python'
[0.901s] Level 1:colcon.colcon_core.package_identification:_identify(JuanDaniel) by extensions ['python_setup_py']
[0.901s] Level 1:colcon.colcon_core.package_identification:_identify(JuanDaniel) by extension 'python_setup_py'
[0.901s] Level 1:colcon.colcon_core.package_identification:_identify(JuanDaniel/General) by extensions ['ignore', 'ignore_ament_install']
[0.901s] Level 1:colcon.colcon_core.package_identification:_identify(JuanDaniel/General) by extension 'ignore'
[0.902s] Level 1:colcon.colcon_core.package_identification:_identify(JuanDaniel/General) by extension 'ignore_ament_install'
[0.902s] Level 1:colcon.colcon_core.package_identification:_identify(JuanDaniel/General) by extensions ['colcon_pkg']
[0.902s] Level 1:colcon.colcon_core.package_identification:_identify(JuanDaniel/General) by extension 'colcon_pkg'
[0.902s] Level 1:colcon.colcon_core.package_identification:_identify(JuanDaniel/General) by extensions ['colcon_meta']
[0.903s] Level 1:colcon.colcon_core.package_identification:_identify(JuanDaniel/General) by extension 'colcon_meta'
[0.903s] Level 1:colcon.colcon_core.package_identification:_identify(JuanDaniel/General) by extensions ['ros']
[0.904s] Level 1:colcon.colcon_core.package_identification:_identify(JuanDaniel/General) by extension 'ros'
[0.904s] Level 1:colcon.colcon_core.package_identification:_identify(JuanDaniel/General) by extensions ['cmake', 'python']
[0.904s] Level 1:colcon.colcon_core.package_identification:_identify(JuanDaniel/General) by extension 'cmake'
[0.905s] Level 1:colcon.colcon_core.package_identification:_identify(JuanDaniel/General) by extension 'python'
[0.905s] Level 1:colcon.colcon_core.package_identification:_identify(JuanDaniel/General) by extensions ['python_setup_py']
[0.906s] Level 1:colcon.colcon_core.package_identification:_identify(JuanDaniel/General) by extension 'python_setup_py'
[0.906s] Level 1:colcon.colcon_core.package_identification:_identify(JuanDaniel/Session-1) by extensions ['ignore', 'ignore_ament_install']
[0.907s] Level 1:colcon.colcon_core.package_identification:_identify(JuanDaniel/Session-1) by extension 'ignore'
[0.907s] Level 1:colcon.colcon_core.package_identification:_identify(JuanDaniel/Session-1) by extension 'ignore_ament_install'
[0.908s] Level 1:colcon.colcon_core.package_identification:_identify(JuanDaniel/Session-1) by extensions ['colcon_pkg']
[0.909s] Level 1:colcon.colcon_core.package_identification:_identify(JuanDaniel/Session-1) by extension 'colcon_pkg'
[0.910s] Level 1:colcon.colcon_core.package_identification:_identify(JuanDaniel/Session-1) by extensions ['colcon_meta']
[0.910s] Level 1:colcon.colcon_core.package_identification:_identify(JuanDaniel/Session-1) by extension 'colcon_meta'
[0.910s] Level 1:colcon.colcon_core.package_identification:_identify(JuanDaniel/Session-1) by extensions ['ros']
[0.910s] Level 1:colcon.colcon_core.package_identification:_identify(JuanDaniel/Session-1) by extension 'ros'
[0.911s] Level 1:colcon.colcon_core.package_identification:_identify(JuanDaniel/Session-1) by extensions ['cmake', 'python']
[0.911s] Level 1:colcon.colcon_core.package_identification:_identify(JuanDaniel/Session-1) by extension 'cmake'
[0.911s] Level 1:colcon.colcon_core.package_identification:_identify(JuanDaniel/Session-1) by extension 'python'
[0.911s] Level 1:colcon.colcon_core.package_identification:_identify(JuanDaniel/Session-1) by extensions ['python_setup_py']
[0.911s] Level 1:colcon.colcon_core.package_identification:_identify(JuanDaniel/Session-1) by extension 'python_setup_py'
[0.912s] Level 1:colcon.colcon_core.package_identification:_identify(JuanDaniel/Session-2) by extensions ['ignore', 'ignore_ament_install']
[0.912s] Level 1:colcon.colcon_core.package_identification:_identify(JuanDaniel/Session-2) by extension 'ignore'
[0.913s] Level 1:colcon.colcon_core.package_identification:_identify(JuanDaniel/Session-2) by extension 'ignore_ament_install'
[0.913s] Level 1:colcon.colcon_core.package_identification:_identify(JuanDaniel/Session-2) by extensions ['colcon_pkg']
[0.913s] Level 1:colcon.colcon_core.package_identification:_identify(JuanDaniel/Session-2) by extension 'colcon_pkg'
[0.913s] Level 1:colcon.colcon_core.package_identification:_identify(JuanDaniel/Session-2) by extensions ['colcon_meta']
[0.913s] Level 1:colcon.colcon_core.package_identification:_identify(JuanDaniel/Session-2) by extension 'colcon_meta'
[0.914s] Level 1:colcon.colcon_core.package_identification:_identify(JuanDaniel/Session-2) by extensions ['ros']
[0.914s] Level 1:colcon.colcon_core.package_identification:_identify(JuanDaniel/Session-2) by extension 'ros'
[0.914s] Level 1:colcon.colcon_core.package_identification:_identify(JuanDaniel/Session-2) by extensions ['cmake', 'python']
[0.914s] Level 1:colcon.colcon_core.package_identification:_identify(JuanDaniel/Session-2) by extension 'cmake'
[0.914s] Level 1:colcon.colcon_core.package_identification:_identify(JuanDaniel/Session-2) by extension 'python'
[0.914s] Level 1:colcon.colcon_core.package_identification:_identify(JuanDaniel/Session-2) by extensions ['python_setup_py']
[0.914s] Level 1:colcon.colcon_core.package_identification:_identify(JuanDaniel/Session-2) by extension 'python_setup_py'
[0.915s] Level 1:colcon.colcon_core.package_identification:_identify(JuanDaniel/Session-3) by extensions ['ignore', 'ignore_ament_install']
[0.915s] Level 1:colcon.colcon_core.package_identification:_identify(JuanDaniel/Session-3) by extension 'ignore'
[0.915s] Level 1:colcon.colcon_core.package_identification:_identify(JuanDaniel/Session-3) by extension 'ignore_ament_install'
[0.915s] Level 1:colcon.colcon_core.package_identification:_identify(JuanDaniel/Session-3) by extensions ['colcon_pkg']
[0.915s] Level 1:colcon.colcon_core.package_identification:_identify(JuanDaniel/Session-3) by extension 'colcon_pkg'
[0.916s] Level 1:colcon.colcon_core.package_identification:_identify(JuanDaniel/Session-3) by extensions ['colcon_meta']
[0.916s] Level 1:colcon.colcon_core.package_identification:_identify(JuanDaniel/Session-3) by extension 'colcon_meta'
[0.916s] Level 1:colcon.colcon_core.package_identification:_identify(JuanDaniel/Session-3) by extensions ['ros']
[0.916s] Level 1:colcon.colcon_core.package_identification:_identify(JuanDaniel/Session-3) by extension 'ros'
[0.917s] Level 1:colcon.colcon_core.package_identification:_identify(JuanDaniel/Session-3) by extensions ['cmake', 'python']
[0.917s] Level 1:colcon.colcon_core.package_identification:_identify(JuanDaniel/Session-3) by extension 'cmake'
[0.917s] Level 1:colcon.colcon_core.package_identification:_identify(JuanDaniel/Session-3) by extension 'python'
[0.917s] Level 1:colcon.colcon_core.package_identification:_identify(JuanDaniel/Session-3) by extensions ['python_setup_py']
[0.918s] Level 1:colcon.colcon_core.package_identification:_identify(JuanDaniel/Session-3) by extension 'python_setup_py'
[0.918s] Level 1:colcon.colcon_core.package_identification:_identify(JuanDaniel/Session-4) by extensions ['ignore', 'ignore_ament_install']
[0.918s] Level 1:colcon.colcon_core.package_identification:_identify(JuanDaniel/Session-4) by extension 'ignore'
[0.919s] Level 1:colcon.colcon_core.package_identification:_identify(JuanDaniel/Session-4) by extension 'ignore_ament_install'
[0.919s] Level 1:colcon.colcon_core.package_identification:_identify(JuanDaniel/Session-4) by extensions ['colcon_pkg']
[0.919s] Level 1:colcon.colcon_core.package_identification:_identify(JuanDaniel/Session-4) by extension 'colcon_pkg'
[0.920s] Level 1:colcon.colcon_core.package_identification:_identify(JuanDaniel/Session-4) by extensions ['colcon_meta']
[0.920s] Level 1:colcon.colcon_core.package_identification:_identify(JuanDaniel/Session-4) by extension 'colcon_meta'
[0.920s] Level 1:colcon.colcon_core.package_identification:_identify(JuanDaniel/Session-4) by extensions ['ros']
[0.920s] Level 1:colcon.colcon_core.package_identification:_identify(JuanDaniel/Session-4) by extension 'ros'
[0.921s] Level 1:colcon.colcon_core.package_identification:_identify(JuanDaniel/Session-4) by extensions ['cmake', 'python']
[0.921s] Level 1:colcon.colcon_core.package_identification:_identify(JuanDaniel/Session-4) by extension 'cmake'
[0.921s] Level 1:colcon.colcon_core.package_identification:_identify(JuanDaniel/Session-4) by extension 'python'
[0.922s] Level 1:colcon.colcon_core.package_identification:_identify(JuanDaniel/Session-4) by extensions ['python_setup_py']
[0.922s] Level 1:colcon.colcon_core.package_identification:_identify(JuanDaniel/Session-4) by extension 'python_setup_py'
[0.922s] Level 1:colcon.colcon_core.package_identification:_identify(JuanDaniel/Session-5) by extensions ['ignore', 'ignore_ament_install']
[0.923s] Level 1:colcon.colcon_core.package_identification:_identify(JuanDaniel/Session-5) by extension 'ignore'
[0.923s] Level 1:colcon.colcon_core.package_identification:_identify(JuanDaniel/Session-5) by extension 'ignore_ament_install'
[0.924s] Level 1:colcon.colcon_core.package_identification:_identify(JuanDaniel/Session-5) by extensions ['colcon_pkg']
[0.924s] Level 1:colcon.colcon_core.package_identification:_identify(JuanDaniel/Session-5) by extension 'colcon_pkg'
[0.924s] Level 1:colcon.colcon_core.package_identification:_identify(JuanDaniel/Session-5) by extensions ['colcon_meta']
[0.925s] Level 1:colcon.colcon_core.package_identification:_identify(JuanDaniel/Session-5) by extension 'colcon_meta'
[0.926s] Level 1:colcon.colcon_core.package_identification:_identify(JuanDaniel/Session-5) by extensions ['ros']
[0.926s] Level 1:colcon.colcon_core.package_identification:_identify(JuanDaniel/Session-5) by extension 'ros'
[0.926s] Level 1:colcon.colcon_core.package_identification:_identify(JuanDaniel/Session-5) by extensions ['cmake', 'python']
[0.927s] Level 1:colcon.colcon_core.package_identification:_identify(JuanDaniel/Session-5) by extension 'cmake'
[0.927s] Level 1:colcon.colcon_core.package_identification:_identify(JuanDaniel/Session-5) by extension 'python'
[0.927s] Level 1:colcon.colcon_core.package_identification:_identify(JuanDaniel/Session-5) by extensions ['python_setup_py']
[0.928s] Level 1:colcon.colcon_core.package_identification:_identify(JuanDaniel/Session-5) by extension 'python_setup_py'
[0.928s] Level 1:colcon.colcon_core.package_identification:_identify(JuanDaniel/Session-6) by extensions ['ignore', 'ignore_ament_install']
[0.928s] Level 1:colcon.colcon_core.package_identification:_identify(JuanDaniel/Session-6) by extension 'ignore'
[0.929s] Level 1:colcon.colcon_core.package_identification:_identify(JuanDaniel/Session-6) by extension 'ignore_ament_install'
[0.929s] Level 1:colcon.colcon_core.package_identification:_identify(JuanDaniel/Session-6) by extensions ['colcon_pkg']
[0.929s] Level 1:colcon.colcon_core.package_identification:_identify(JuanDaniel/Session-6) by extension 'colcon_pkg'
[0.930s] Level 1:colcon.colcon_core.package_identification:_identify(JuanDaniel/Session-6) by extensions ['colcon_meta']
[0.930s] Level 1:colcon.colcon_core.package_identification:_identify(JuanDaniel/Session-6) by extension 'colcon_meta'
[0.930s] Level 1:colcon.colcon_core.package_identification:_identify(JuanDaniel/Session-6) by extensions ['ros']
[0.931s] Level 1:colcon.colcon_core.package_identification:_identify(JuanDaniel/Session-6) by extension 'ros'
[0.931s] Level 1:colcon.colcon_core.package_identification:_identify(JuanDaniel/Session-6) by extensions ['cmake', 'python']
[0.932s] Level 1:colcon.colcon_core.package_identification:_identify(JuanDaniel/Session-6) by extension 'cmake'
[0.932s] Level 1:colcon.colcon_core.package_identification:_identify(JuanDaniel/Session-6) by extension 'python'
[0.932s] Level 1:colcon.colcon_core.package_identification:_identify(JuanDaniel/Session-6) by extensions ['python_setup_py']
[0.933s] Level 1:colcon.colcon_core.package_identification:_identify(JuanDaniel/Session-6) by extension 'python_setup_py'
[0.933s] Level 1:colcon.colcon_core.package_identification:_identify(JuanDaniel_french) by extensions ['ignore', 'ignore_ament_install']
[0.933s] Level 1:colcon.colcon_core.package_identification:_identify(JuanDaniel_french) by extension 'ignore'
[0.933s] Level 1:colcon.colcon_core.package_identification:_identify(JuanDaniel_french) by extension 'ignore_ament_install'
[0.934s] Level 1:colcon.colcon_core.package_identification:_identify(JuanDaniel_french) by extensions ['colcon_pkg']
[0.934s] Level 1:colcon.colcon_core.package_identification:_identify(JuanDaniel_french) by extension 'colcon_pkg'
[0.934s] Level 1:colcon.colcon_core.package_identification:_identify(JuanDaniel_french) by extensions ['colcon_meta']
[0.934s] Level 1:colcon.colcon_core.package_identification:_identify(JuanDaniel_french) by extension 'colcon_meta'
[0.935s] Level 1:colcon.colcon_core.package_identification:_identify(JuanDaniel_french) by extensions ['ros']
[0.935s] Level 1:colcon.colcon_core.package_identification:_identify(JuanDaniel_french) by extension 'ros'
[0.935s] Level 1:colcon.colcon_core.package_identification:_identify(JuanDaniel_french) by extensions ['cmake', 'python']
[0.935s] Level 1:colcon.colcon_core.package_identification:_identify(JuanDaniel_french) by extension 'cmake'
[0.935s] Level 1:colcon.colcon_core.package_identification:_identify(JuanDaniel_french) by extension 'python'
[0.935s] Level 1:colcon.colcon_core.package_identification:_identify(JuanDaniel_french) by extensions ['python_setup_py']
[0.935s] Level 1:colcon.colcon_core.package_identification:_identify(JuanDaniel_french) by extension 'python_setup_py'
[0.936s] Level 1:colcon.colcon_core.package_identification:_identify(JuanDaniel_french/General) by extensions ['ignore', 'ignore_ament_install']
[0.936s] Level 1:colcon.colcon_core.package_identification:_identify(JuanDaniel_french/General) by extension 'ignore'
[0.936s] Level 1:colcon.colcon_core.package_identification:_identify(JuanDaniel_french/General) by extension 'ignore_ament_install'
[0.937s] Level 1:colcon.colcon_core.package_identification:_identify(JuanDaniel_french/General) by extensions ['colcon_pkg']
[0.937s] Level 1:colcon.colcon_core.package_identification:_identify(JuanDaniel_french/General) by extension 'colcon_pkg'
[0.937s] Level 1:colcon.colcon_core.package_identification:_identify(JuanDaniel_french/General) by extensions ['colcon_meta']
[0.937s] Level 1:colcon.colcon_core.package_identification:_identify(JuanDaniel_french/General) by extension 'colcon_meta'
[0.938s] Level 1:colcon.colcon_core.package_identification:_identify(JuanDaniel_french/General) by extensions ['ros']
[0.938s] Level 1:colcon.colcon_core.package_identification:_identify(JuanDaniel_french/General) by extension 'ros'
[0.938s] Level 1:colcon.colcon_core.package_identification:_identify(JuanDaniel_french/General) by extensions ['cmake', 'python']
[0.938s] Level 1:colcon.colcon_core.package_identification:_identify(JuanDaniel_french/General) by extension 'cmake'
[0.938s] Level 1:colcon.colcon_core.package_identification:_identify(JuanDaniel_french/General) by extension 'python'
[0.939s] Level 1:colcon.colcon_core.package_identification:_identify(JuanDaniel_french/General) by extensions ['python_setup_py']
[0.939s] Level 1:colcon.colcon_core.package_identification:_identify(JuanDaniel_french/General) by extension 'python_setup_py'
[0.939s] Level 1:colcon.colcon_core.package_identification:_identify(JuanDaniel_french/Session-2) by extensions ['ignore', 'ignore_ament_install']
[0.939s] Level 1:colcon.colcon_core.package_identification:_identify(JuanDaniel_french/Session-2) by extension 'ignore'
[0.940s] Level 1:colcon.colcon_core.package_identification:_identify(JuanDaniel_french/Session-2) by extension 'ignore_ament_install'
[0.940s] Level 1:colcon.colcon_core.package_identification:_identify(JuanDaniel_french/Session-2) by extensions ['colcon_pkg']
[0.940s] Level 1:colcon.colcon_core.package_identification:_identify(JuanDaniel_french/Session-2) by extension 'colcon_pkg'
[0.940s] Level 1:colcon.colcon_core.package_identification:_identify(JuanDaniel_french/Session-2) by extensions ['colcon_meta']
[0.940s] Level 1:colcon.colcon_core.package_identification:_identify(JuanDaniel_french/Session-2) by extension 'colcon_meta'
[0.941s] Level 1:colcon.colcon_core.package_identification:_identify(JuanDaniel_french/Session-2) by extensions ['ros']
[0.941s] Level 1:colcon.colcon_core.package_identification:_identify(JuanDaniel_french/Session-2) by extension 'ros'
[0.941s] Level 1:colcon.colcon_core.package_identification:_identify(JuanDaniel_french/Session-2) by extensions ['cmake', 'python']
[0.942s] Level 1:colcon.colcon_core.package_identification:_identify(JuanDaniel_french/Session-2) by extension 'cmake'
[0.942s] Level 1:colcon.colcon_core.package_identification:_identify(JuanDaniel_french/Session-2) by extension 'python'
[0.942s] Level 1:colcon.colcon_core.package_identification:_identify(JuanDaniel_french/Session-2) by extensions ['python_setup_py']
[0.942s] Level 1:colcon.colcon_core.package_identification:_identify(JuanDaniel_french/Session-2) by extension 'python_setup_py'
[0.942s] Level 1:colcon.colcon_core.package_identification:_identify(JuanDaniel_french/Session-3) by extensions ['ignore', 'ignore_ament_install']
[0.943s] Level 1:colcon.colcon_core.package_identification:_identify(JuanDaniel_french/Session-3) by extension 'ignore'
[0.943s] Level 1:colcon.colcon_core.package_identification:_identify(JuanDaniel_french/Session-3) by extension 'ignore_ament_install'
[0.943s] Level 1:colcon.colcon_core.package_identification:_identify(JuanDaniel_french/Session-3) by extensions ['colcon_pkg']
[0.943s] Level 1:colcon.colcon_core.package_identification:_identify(JuanDaniel_french/Session-3) by extension 'colcon_pkg'
[0.944s] Level 1:colcon.colcon_core.package_identification:_identify(JuanDaniel_french/Session-3) by extensions ['colcon_meta']
[0.944s] Level 1:colcon.colcon_core.package_identification:_identify(JuanDaniel_french/Session-3) by extension 'colcon_meta'
[0.944s] Level 1:colcon.colcon_core.package_identification:_identify(JuanDaniel_french/Session-3) by extensions ['ros']
[0.944s] Level 1:colcon.colcon_core.package_identification:_identify(JuanDaniel_french/Session-3) by extension 'ros'
[0.944s] Level 1:colcon.colcon_core.package_identification:_identify(JuanDaniel_french/Session-3) by extensions ['cmake', 'python']
[0.945s] Level 1:colcon.colcon_core.package_identification:_identify(JuanDaniel_french/Session-3) by extension 'cmake'
[0.945s] Level 1:colcon.colcon_core.package_identification:_identify(JuanDaniel_french/Session-3) by extension 'python'
[0.945s] Level 1:colcon.colcon_core.package_identification:_identify(JuanDaniel_french/Session-3) by extensions ['python_setup_py']
[0.945s] Level 1:colcon.colcon_core.package_identification:_identify(JuanDaniel_french/Session-3) by extension 'python_setup_py'
[0.946s] Level 1:colcon.colcon_core.package_identification:_identify(JuanDaniel_french/Session-4) by extensions ['ignore', 'ignore_ament_install']
[0.946s] Level 1:colcon.colcon_core.package_identification:_identify(JuanDaniel_french/Session-4) by extension 'ignore'
[0.946s] Level 1:colcon.colcon_core.package_identification:_identify(JuanDaniel_french/Session-4) by extension 'ignore_ament_install'
[0.947s] Level 1:colcon.colcon_core.package_identification:_identify(JuanDaniel_french/Session-4) by extensions ['colcon_pkg']
[0.947s] Level 1:colcon.colcon_core.package_identification:_identify(JuanDaniel_french/Session-4) by extension 'colcon_pkg'
[0.947s] Level 1:colcon.colcon_core.package_identification:_identify(JuanDaniel_french/Session-4) by extensions ['colcon_meta']
[0.947s] Level 1:colcon.colcon_core.package_identification:_identify(JuanDaniel_french/Session-4) by extension 'colcon_meta'
[0.948s] Level 1:colcon.colcon_core.package_identification:_identify(JuanDaniel_french/Session-4) by extensions ['ros']
[0.948s] Level 1:colcon.colcon_core.package_identification:_identify(JuanDaniel_french/Session-4) by extension 'ros'
[0.948s] Level 1:colcon.colcon_core.package_identification:_identify(JuanDaniel_french/Session-4) by extensions ['cmake', 'python']
[0.948s] Level 1:colcon.colcon_core.package_identification:_identify(JuanDaniel_french/Session-4) by extension 'cmake'
[0.949s] Level 1:colcon.colcon_core.package_identification:_identify(JuanDaniel_french/Session-4) by extension 'python'
[0.949s] Level 1:colcon.colcon_core.package_identification:_identify(JuanDaniel_french/Session-4) by extensions ['python_setup_py']
[0.949s] Level 1:colcon.colcon_core.package_identification:_identify(JuanDaniel_french/Session-4) by extension 'python_setup_py'
[0.949s] Level 1:colcon.colcon_core.package_identification:_identify(JuanDaniel_french/Session-5) by extensions ['ignore', 'ignore_ament_install']
[0.949s] Level 1:colcon.colcon_core.package_identification:_identify(JuanDaniel_french/Session-5) by extension 'ignore'
[0.950s] Level 1:colcon.colcon_core.package_identification:_identify(JuanDaniel_french/Session-5) by extension 'ignore_ament_install'
[0.950s] Level 1:colcon.colcon_core.package_identification:_identify(JuanDaniel_french/Session-5) by extensions ['colcon_pkg']
[0.950s] Level 1:colcon.colcon_core.package_identification:_identify(JuanDaniel_french/Session-5) by extension 'colcon_pkg'
[0.950s] Level 1:colcon.colcon_core.package_identification:_identify(JuanDaniel_french/Session-5) by extensions ['colcon_meta']
[0.950s] Level 1:colcon.colcon_core.package_identification:_identify(JuanDaniel_french/Session-5) by extension 'colcon_meta'
[0.950s] Level 1:colcon.colcon_core.package_identification:_identify(JuanDaniel_french/Session-5) by extensions ['ros']
[0.951s] Level 1:colcon.colcon_core.package_identification:_identify(JuanDaniel_french/Session-5) by extension 'ros'
[0.951s] Level 1:colcon.colcon_core.package_identification:_identify(JuanDaniel_french/Session-5) by extensions ['cmake', 'python']
[0.951s] Level 1:colcon.colcon_core.package_identification:_identify(JuanDaniel_french/Session-5) by extension 'cmake'
[0.951s] Level 1:colcon.colcon_core.package_identification:_identify(JuanDaniel_french/Session-5) by extension 'python'
[0.951s] Level 1:colcon.colcon_core.package_identification:_identify(JuanDaniel_french/Session-5) by extensions ['python_setup_py']
[0.951s] Level 1:colcon.colcon_core.package_identification:_identify(JuanDaniel_french/Session-5) by extension 'python_setup_py'
[0.952s] Level 1:colcon.colcon_core.package_identification:_identify(JuanDaniel_french/Session-6) by extensions ['ignore', 'ignore_ament_install']
[0.952s] Level 1:colcon.colcon_core.package_identification:_identify(JuanDaniel_french/Session-6) by extension 'ignore'
[0.952s] Level 1:colcon.colcon_core.package_identification:_identify(JuanDaniel_french/Session-6) by extension 'ignore_ament_install'
[0.953s] Level 1:colcon.colcon_core.package_identification:_identify(JuanDaniel_french/Session-6) by extensions ['colcon_pkg']
[0.953s] Level 1:colcon.colcon_core.package_identification:_identify(JuanDaniel_french/Session-6) by extension 'colcon_pkg'
[0.953s] Level 1:colcon.colcon_core.package_identification:_identify(JuanDaniel_french/Session-6) by extensions ['colcon_meta']
[0.953s] Level 1:colcon.colcon_core.package_identification:_identify(JuanDaniel_french/Session-6) by extension 'colcon_meta'
[0.953s] Level 1:colcon.colcon_core.package_identification:_identify(JuanDaniel_french/Session-6) by extensions ['ros']
[0.953s] Level 1:colcon.colcon_core.package_identification:_identify(JuanDaniel_french/Session-6) by extension 'ros'
[0.954s] Level 1:colcon.colcon_core.package_identification:_identify(JuanDaniel_french/Session-6) by extensions ['cmake', 'python']
[0.954s] Level 1:colcon.colcon_core.package_identification:_identify(JuanDaniel_french/Session-6) by extension 'cmake'
[0.954s] Level 1:colcon.colcon_core.package_identification:_identify(JuanDaniel_french/Session-6) by extension 'python'
[0.954s] Level 1:colcon.colcon_core.package_identification:_identify(JuanDaniel_french/Session-6) by extensions ['python_setup_py']
[0.954s] Level 1:colcon.colcon_core.package_identification:_identify(JuanDaniel_french/Session-6) by extension 'python_setup_py'
[0.955s] Level 1:colcon.colcon_core.package_identification:_identify(build) by extensions ['ignore', 'ignore_ament_install']
[0.955s] Level 1:colcon.colcon_core.package_identification:_identify(build) by extension 'ignore'
[0.956s] Level 1:colcon.colcon_core.package_identification:_identify(build) ignored
[0.956s] Level 1:colcon.colcon_core.package_identification:_identify(docker) by extensions ['ignore', 'ignore_ament_install']
[0.956s] Level 1:colcon.colcon_core.package_identification:_identify(docker) by extension 'ignore'
[0.957s] Level 1:colcon.colcon_core.package_identification:_identify(docker) by extension 'ignore_ament_install'
[0.957s] Level 1:colcon.colcon_core.package_identification:_identify(docker) by extensions ['colcon_pkg']
[0.957s] Level 1:colcon.colcon_core.package_identification:_identify(docker) by extension 'colcon_pkg'
[0.957s] Level 1:colcon.colcon_core.package_identification:_identify(docker) by extensions ['colcon_meta']
[0.957s] Level 1:colcon.colcon_core.package_identification:_identify(docker) by extension 'colcon_meta'
[0.958s] Level 1:colcon.colcon_core.package_identification:_identify(docker) by extensions ['ros']
[0.958s] Level 1:colcon.colcon_core.package_identification:_identify(docker) by extension 'ros'
[0.959s] Level 1:colcon.colcon_core.package_identification:_identify(docker) by extensions ['cmake', 'python']
[0.959s] Level 1:colcon.colcon_core.package_identification:_identify(docker) by extension 'cmake'
[0.959s] Level 1:colcon.colcon_core.package_identification:_identify(docker) by extension 'python'
[0.959s] Level 1:colcon.colcon_core.package_identification:_identify(docker) by extensions ['python_setup_py']
[0.960s] Level 1:colcon.colcon_core.package_identification:_identify(docker) by extension 'python_setup_py'
[0.960s] Level 1:colcon.colcon_core.package_identification:_identify(docker/worlds) by extensions ['ignore', 'ignore_ament_install']
[0.960s] Level 1:colcon.colcon_core.package_identification:_identify(docker/worlds) by extension 'ignore'
[0.961s] Level 1:colcon.colcon_core.package_identification:_identify(docker/worlds) by extension 'ignore_ament_install'
[0.961s] Level 1:colcon.colcon_core.package_identification:_identify(docker/worlds) by extensions ['colcon_pkg']
[0.961s] Level 1:colcon.colcon_core.package_identification:_identify(docker/worlds) by extension 'colcon_pkg'
[0.961s] Level 1:colcon.colcon_core.package_identification:_identify(docker/worlds) by extensions ['colcon_meta']
[0.962s] Level 1:colcon.colcon_core.package_identification:_identify(docker/worlds) by extension 'colcon_meta'
[0.962s] Level 1:colcon.colcon_core.package_identification:_identify(docker/worlds) by extensions ['ros']
[0.962s] Level 1:colcon.colcon_core.package_identification:_identify(docker/worlds) by extension 'ros'
[0.963s] Level 1:colcon.colcon_core.package_identification:_identify(docker/worlds) by extensions ['cmake', 'python']
[0.963s] Level 1:colcon.colcon_core.package_identification:_identify(docker/worlds) by extension 'cmake'
[0.963s] Level 1:colcon.colcon_core.package_identification:_identify(docker/worlds) by extension 'python'
[0.963s] Level 1:colcon.colcon_core.package_identification:_identify(docker/worlds) by extensions ['python_setup_py']
[0.964s] Level 1:colcon.colcon_core.package_identification:_identify(docker/worlds) by extension 'python_setup_py'
[0.964s] Level 1:colcon.colcon_core.package_identification:_identify(install) by extensions ['ignore', 'ignore_ament_install']
[0.965s] Level 1:colcon.colcon_core.package_identification:_identify(install) by extension 'ignore'
[0.965s] Level 1:colcon.colcon_core.package_identification:_identify(install) ignored
[0.965s] Level 1:colcon.colcon_core.package_identification:_identify(log) by extensions ['ignore', 'ignore_ament_install']
[0.966s] Level 1:colcon.colcon_core.package_identification:_identify(log) by extension 'ignore'
[0.966s] Level 1:colcon.colcon_core.package_identification:_identify(log) ignored
[0.966s] Level 1:colcon.colcon_core.package_identification:_identify(scripts) by extensions ['ignore', 'ignore_ament_install']
[0.967s] Level 1:colcon.colcon_core.package_identification:_identify(scripts) by extension 'ignore'
[0.967s] Level 1:colcon.colcon_core.package_identification:_identify(scripts) by extension 'ignore_ament_install'
[0.967s] Level 1:colcon.colcon_core.package_identification:_identify(scripts) by extensions ['colcon_pkg']
[0.968s] Level 1:colcon.colcon_core.package_identification:_identify(scripts) by extension 'colcon_pkg'
[0.968s] Level 1:colcon.colcon_core.package_identification:_identify(scripts) by extensions ['colcon_meta']
[0.968s] Level 1:colcon.colcon_core.package_identification:_identify(scripts) by extension 'colcon_meta'
[0.968s] Level 1:colcon.colcon_core.package_identification:_identify(scripts) by extensions ['ros']
[0.969s] Level 1:colcon.colcon_core.package_identification:_identify(scripts) by extension 'ros'
[0.969s] Level 1:colcon.colcon_core.package_identification:_identify(scripts) by extensions ['cmake', 'python']
[0.969s] Level 1:colcon.colcon_core.package_identification:_identify(scripts) by extension 'cmake'
[0.969s] Level 1:colcon.colcon_core.package_identification:_identify(scripts) by extension 'python'
[0.969s] Level 1:colcon.colcon_core.package_identification:_identify(scripts) by extensions ['python_setup_py']
[0.970s] Level 1:colcon.colcon_core.package_identification:_identify(scripts) by extension 'python_setup_py'
[0.970s] Level 1:colcon.colcon_core.package_identification:_identify(src) by extensions ['ignore', 'ignore_ament_install']
[0.970s] Level 1:colcon.colcon_core.package_identification:_identify(src) by extension 'ignore'
[0.970s] Level 1:colcon.colcon_core.package_identification:_identify(src) by extension 'ignore_ament_install'
[0.971s] Level 1:colcon.colcon_core.package_identification:_identify(src) by extensions ['colcon_pkg']
[0.971s] Level 1:colcon.colcon_core.package_identification:_identify(src) by extension 'colcon_pkg'
[0.971s] Level 1:colcon.colcon_core.package_identification:_identify(src) by extensions ['colcon_meta']
[0.971s] Level 1:colcon.colcon_core.package_identification:_identify(src) by extension 'colcon_meta'
[0.972s] Level 1:colcon.colcon_core.package_identification:_identify(src) by extensions ['ros']
[0.972s] Level 1:colcon.colcon_core.package_identification:_identify(src) by extension 'ros'
[0.972s] Level 1:colcon.colcon_core.package_identification:_identify(src) by extensions ['cmake', 'python']
[0.973s] Level 1:colcon.colcon_core.package_identification:_identify(src) by extension 'cmake'
[0.973s] Level 1:colcon.colcon_core.package_identification:_identify(src) by extension 'python'
[0.973s] Level 1:colcon.colcon_core.package_identification:_identify(src) by extensions ['python_setup_py']
[0.973s] Level 1:colcon.colcon_core.package_identification:_identify(src) by extension 'python_setup_py'
[0.974s] Level 1:colcon.colcon_core.package_identification:_identify(src/my_package) by extensions ['ignore', 'ignore_ament_install']
[0.975s] Level 1:colcon.colcon_core.package_identification:_identify(src/my_package) by extension 'ignore'
[0.975s] Level 1:colcon.colcon_core.package_identification:_identify(src/my_package) by extension 'ignore_ament_install'
[0.975s] Level 1:colcon.colcon_core.package_identification:_identify(src/my_package) by extensions ['colcon_pkg']
[0.975s] Level 1:colcon.colcon_core.package_identification:_identify(src/my_package) by extension 'colcon_pkg'
[0.975s] Level 1:colcon.colcon_core.package_identification:_identify(src/my_package) by extensions ['colcon_meta']
[0.976s] Level 1:colcon.colcon_core.package_identification:_identify(src/my_package) by extension 'colcon_meta'
[0.976s] Level 1:colcon.colcon_core.package_identification:_identify(src/my_package) by extensions ['ros']
[0.976s] Level 1:colcon.colcon_core.package_identification:_identify(src/my_package) by extension 'ros'
[0.985s] DEBUG:colcon.colcon_core.package_identification:Package 'src/my_package' with type 'ros.ament_python' and name 'my_package'
[0.985s] Level 1:colcon.colcon_core.package_discovery:discover_packages(recursive) using defaults
[0.986s] Level 1:colcon.colcon_core.package_discovery:discover_packages(ignore) discover
[0.986s] Level 1:colcon.colcon_core.package_discovery:discover_packages(ignore) using defaults
[0.986s] Level 1:colcon.colcon_core.package_discovery:discover_packages(path) discover
[0.986s] Level 1:colcon.colcon_core.package_discovery:discover_packages(path) using defaults
[1.038s] Level 5:colcon.colcon_core.verb:set package 'my_package' build argument 'cmake_args' from command line to 'None'
[1.038s] Level 5:colcon.colcon_core.verb:set package 'my_package' build argument 'cmake_target' from command line to 'None'
[1.038s] Level 5:colcon.colcon_core.verb:set package 'my_package' build argument 'cmake_target_skip_unavailable' from command line to 'False'
[1.038s] Level 5:colcon.colcon_core.verb:set package 'my_package' build argument 'cmake_clean_cache' from command line to 'False'
[1.038s] Level 5:colcon.colcon_core.verb:set package 'my_package' build argument 'cmake_clean_first' from command line to 'False'
[1.038s] Level 5:colcon.colcon_core.verb:set package 'my_package' build argument 'cmake_force_configure' from command line to 'False'
[1.038s] Level 5:colcon.colcon_core.verb:set package 'my_package' build argument 'ament_cmake_args' from command line to 'None'
[1.039s] Level 5:colcon.colcon_core.verb:set package 'my_package' build argument 'catkin_cmake_args' from command line to 'None'
[1.039s] Level 5:colcon.colcon_core.verb:set package 'my_package' build argument 'catkin_skip_building_tests' from command line to 'False'
[1.039s] DEBUG:colcon.colcon_core.verb:Building package 'my_package' with the following arguments: {'ament_cmake_args': None, 'build_base': '/ros_ws/build/my_package', 'catkin_cmake_args': None, 'catkin_skip_building_tests': False, 'cmake_args': None, 'cmake_clean_cache': False, 'cmake_clean_first': False, 'cmake_force_configure': False, 'cmake_target': None, 'cmake_target_skip_unavailable': False, 'install_base': '/ros_ws/install/my_package', 'merge_install': False, 'path': '/ros_ws/src/my_package', 'symlink_install': True, 'test_result_base': None}
[1.039s] INFO:colcon.colcon_core.executor:Executing jobs using 'parallel' executor
[1.042s] DEBUG:colcon.colcon_parallel_executor.executor.parallel:run_until_complete
[1.043s] INFO:colcon.colcon_ros.task.ament_python.build:Building ROS package in '/ros_ws/src/my_package' with build type 'ament_python'
[1.044s] Level 1:colcon.colcon_core.shell:create_environment_hook('my_package', 'ament_prefix_path')
[1.050s] INFO:colcon.colcon_core.plugin_system:Skipping extension 'colcon_core.shell.bat': Not used on non-Windows systems
[1.050s] INFO:colcon.colcon_core.shell:Creating environment hook '/ros_ws/install/my_package/share/my_package/hook/ament_prefix_path.ps1'
[1.052s] INFO:colcon.colcon_core.shell:Creating environment descriptor '/ros_ws/install/my_package/share/my_package/hook/ament_prefix_path.dsv'
[1.054s] INFO:colcon.colcon_core.shell:Creating environment hook '/ros_ws/install/my_package/share/my_package/hook/ament_prefix_path.sh'
[1.056s] INFO:colcon.colcon_core.shell:Skip shell extension 'powershell' for command environment: Not usable outside of PowerShell
[1.056s] DEBUG:colcon.colcon_core.shell:Skip shell extension 'dsv' for command environment
[1.806s] INFO:colcon.colcon_core.task.python.build:Building Python package in '/ros_ws/src/my_package'
[1.806s] INFO:colcon.colcon_core.shell:Skip shell extension 'powershell' for command environment: Not usable outside of PowerShell
[1.807s] DEBUG:colcon.colcon_core.shell:Skip shell extension 'dsv' for command environment
[2.799s] DEBUG:colcon.colcon_core.event_handler.log_command:Invoking command in '/ros_ws/build/my_package': PYTHONPATH=/ros_ws/build/my_package/prefix_override:/usr/lib/python3/dist-packages/colcon_core/task/python/colcon_distutils_commands:/ros_ws/install/my_package/lib/python3.10/site-packages:${PYTHONPATH} /usr/bin/python3 -W ignore:setup.py install is deprecated -W ignore:easy_install command is deprecated setup.py develop --editable --build-directory /ros_ws/build/my_package/build --no-deps symlink_data
[3.989s] Level 1:colcon.colcon_core.shell:create_environment_hook('my_package', 'pythonpath_develop')
[3.990s] INFO:colcon.colcon_core.shell:Creating environment hook '/ros_ws/build/my_package/share/my_package/hook/pythonpath_develop.ps1'
[3.994s] DEBUG:colcon.colcon_core.event_handler.log_command:Invoked command in '/ros_ws/build/my_package' returned '0': PYTHONPATH=/ros_ws/build/my_package/prefix_override:/usr/lib/python3/dist-packages/colcon_core/task/python/colcon_distutils_commands:/ros_ws/install/my_package/lib/python3.10/site-packages:${PYTHONPATH} /usr/bin/python3 -W ignore:setup.py install is deprecated -W ignore:easy_install command is deprecated setup.py develop --editable --build-directory /ros_ws/build/my_package/build --no-deps symlink_data
[3.995s] INFO:colcon.colcon_core.shell:Creating environment descriptor '/ros_ws/build/my_package/share/my_package/hook/pythonpath_develop.dsv'
[3.996s] INFO:colcon.colcon_core.shell:Creating environment hook '/ros_ws/build/my_package/share/my_package/hook/pythonpath_develop.sh'
[4.004s] Level 1:colcon.colcon_core.environment:checking '/ros_ws/install/my_package' for CMake module files
[4.005s] Level 1:colcon.colcon_core.environment:checking '/ros_ws/install/my_package' for CMake config files
[4.006s] Level 1:colcon.colcon_core.environment:checking '/ros_ws/install/my_package/lib'
[4.007s] Level 1:colcon.colcon_core.environment:checking '/ros_ws/install/my_package/bin'
[4.007s] Level 1:colcon.colcon_core.environment:checking '/ros_ws/install/my_package/lib/pkgconfig/my_package.pc'
[4.008s] Level 1:colcon.colcon_core.environment:checking '/ros_ws/install/my_package/lib/python3.10/site-packages'
[4.010s] Level 1:colcon.colcon_core.shell:create_environment_hook('my_package', 'pythonpath')
[4.011s] INFO:colcon.colcon_core.shell:Creating environment hook '/ros_ws/install/my_package/share/my_package/hook/pythonpath.ps1'
[4.013s] INFO:colcon.colcon_core.shell:Creating environment descriptor '/ros_ws/install/my_package/share/my_package/hook/pythonpath.dsv'
[4.014s] INFO:colcon.colcon_core.shell:Creating environment hook '/ros_ws/install/my_package/share/my_package/hook/pythonpath.sh'
[4.016s] Level 1:colcon.colcon_core.environment:checking '/ros_ws/install/my_package/bin'
[4.017s] Level 1:colcon.colcon_core.environment:create_environment_scripts_only(my_package)
[4.018s] INFO:colcon.colcon_core.shell:Creating package script '/ros_ws/install/my_package/share/my_package/package.ps1'
[4.051s] INFO:colcon.colcon_core.shell:Creating package descriptor '/ros_ws/install/my_package/share/my_package/package.dsv'
[4.053s] INFO:colcon.colcon_core.shell:Creating package script '/ros_ws/install/my_package/share/my_package/package.sh'
[4.055s] INFO:colcon.colcon_core.shell:Creating package script '/ros_ws/install/my_package/share/my_package/package.bash'
[4.058s] INFO:colcon.colcon_core.shell:Creating package script '/ros_ws/install/my_package/share/my_package/package.zsh'
[4.061s] Level 1:colcon.colcon_core.environment:create_file_with_runtime_dependencies(/ros_ws/install/my_package/share/colcon-core/packages/my_package)
[4.062s] DEBUG:colcon.colcon_parallel_executor.executor.parallel:closing loop
[4.063s] DEBUG:colcon.colcon_parallel_executor.executor.parallel:loop closed
[4.064s] DEBUG:colcon.colcon_parallel_executor.executor.parallel:run_until_complete finished with '0'
[4.064s] DEBUG:colcon.colcon_core.event_reactor:joining thread
[4.088s] INFO:colcon.colcon_core.plugin_system:Skipping extension 'colcon_notification.desktop_notification.notify_send': Could not find 'notify-send'
[4.089s] INFO:colcon.colcon_core.plugin_system:Skipping extension 'colcon_notification.desktop_notification.terminal_notifier': Not used on non-Darwin systems
[4.090s] INFO:colcon.colcon_core.plugin_system:Skipping extension 'colcon_notification.desktop_notification.win32': Not used on non-Windows systems
[4.090s] INFO:colcon.colcon_notification.desktop_notification:Sending desktop notification using 'notify2'
[4.106s] DEBUG:colcon.colcon_notification.desktop_notification.notify2:Failed to initialize notify2: org.freedesktop.DBus.Error.Spawn.ExecFailed: /usr/bin/dbus-launch terminated abnormally without any error message
[4.107s] DEBUG:colcon.colcon_core.event_reactor:joined thread
[4.110s] INFO:colcon.colcon_core.shell:Creating prefix script '/ros_ws/install/local_setup.ps1'
[4.115s] INFO:colcon.colcon_core.shell:Creating prefix util module '/ros_ws/install/_local_setup_util_ps1.py'
[4.120s] INFO:colcon.colcon_core.shell:Creating prefix chain script '/ros_ws/install/setup.ps1'
[4.122s] INFO:colcon.colcon_core.shell:Creating prefix script '/ros_ws/install/local_setup.sh'
[4.123s] INFO:colcon.colcon_core.shell:Creating prefix util module '/ros_ws/install/_local_setup_util_sh.py'
[4.125s] INFO:colcon.colcon_core.shell:Creating prefix chain script '/ros_ws/install/setup.sh'
[4.128s] INFO:colcon.colcon_core.shell:Creating prefix script '/ros_ws/install/local_setup.bash'
[4.129s] INFO:colcon.colcon_core.shell:Creating prefix chain script '/ros_ws/install/setup.bash'
[4.131s] INFO:colcon.colcon_core.shell:Creating prefix script '/ros_ws/install/local_setup.zsh'
[4.132s] INFO:colcon.colcon_core.shell:Creating prefix chain script '/ros_ws/install/setup.zsh'
