[0.291s] DEBUG:colcon:Command line arguments: ['/usr/bin/colcon', 'list', '-p', '--base-paths', '/ros_ws']
[0.291s] DEBUG:colcon:Parsed command line arguments: Namespace(log_base=None, log_level=None, verb_name='list', build_base='build', ignore_user_meta=False, metas=['./colcon.meta'], base_paths=['/ros_ws'], packages_ignore=None, packages_ignore_regex=None, paths=None, packages_up_to=None, packages_up_to_regex=None, packages_above=None, packages_above_and_dependencies=None, packages_above_depth=None, packages_select_by_dep=None, packages_skip_by_dep=None, packages_skip_up_to=None, packages_select_build_failed=False, packages_skip_build_finished=False, packages_select_test_failures=False, packages_skip_test_passed=False, packages_select=None, packages_skip=None, packages_select_regex=None, packages_skip_regex=None, packages_start=None, packages_end=None, topological_order=False, names_only=False, paths_only=True, topological_graph=False, topological_graph_dot=False, topological_graph_density=False, topological_graph_legend=False, topological_graph_dot_cluster=False, topological_graph_dot_include_skipped=False, mixin_files=None, mixin=None, verb_parser=<colcon_mixin.mixin.mixin_argument.MixinArgumentDecorator object at 0x77eb5daf0c40>, verb_extension=<colcon_package_information.verb.list.ListVerb object at 0x77eb5dac3d90>, main=<bound method ListVerb.main of <colcon_package_information.verb.list.ListVerb object at 0x77eb5dac3d90>>, mixin_verb=('list',))
[0.712s] Level 1:colcon.colcon_core.package_discovery:discover_packages(colcon_meta) check parameters
[0.714s] INFO:colcon.colcon_metadata.package_discovery.colcon_meta:Using configuration from '/root/.colcon/metadata/default/Gazebo.meta'
[0.715s] INFO:colcon.colcon_metadata.package_discovery.colcon_meta:Using configuration from '/root/.colcon/metadata/default/fastdds.meta'
[0.716s] INFO:colcon.colcon_metadata.package_discovery.colcon_meta:Using configuration from '/root/.colcon/metadata/default/fastrtps.meta'
[0.716s] Level 1:colcon.colcon_core.package_discovery:discover_packages(recursive) check parameters
[0.716s] Level 1:colcon.colcon_core.package_discovery:discover_packages(ignore) check parameters
[0.716s] Level 1:colcon.colcon_core.package_discovery:discover_packages(path) check parameters
[0.716s] Level 1:colcon.colcon_core.package_discovery:discover_packages(recursive) discover
[0.717s] INFO:colcon.colcon_core.package_discovery:Crawling recursively for packages in '/ros_ws'
[0.717s] Level 1:colcon.colcon_core.package_identification:_identify(/ros_ws) by extensions ['ignore', 'ignore_ament_install']
[0.717s] Level 1:colcon.colcon_core.package_identification:_identify(/ros_ws) by extension 'ignore'
[0.717s] Level 1:colcon.colcon_core.package_identification:_identify(/ros_ws) by extension 'ignore_ament_install'
[0.718s] Level 1:colcon.colcon_core.package_identification:_identify(/ros_ws) by extensions ['colcon_pkg']
[0.718s] Level 1:colcon.colcon_core.package_identification:_identify(/ros_ws) by extension 'colcon_pkg'
[0.718s] Level 1:colcon.colcon_core.package_identification:_identify(/ros_ws) by extensions ['colcon_meta']
[0.718s] Level 1:colcon.colcon_core.package_identification:_identify(/ros_ws) by extension 'colcon_meta'
[0.718s] Level 1:colcon.colcon_core.package_identification:_identify(/ros_ws) by extensions ['ros']
[0.718s] Level 1:colcon.colcon_core.package_identification:_identify(/ros_ws) by extension 'ros'
[0.754s] Level 1:colcon.colcon_core.package_identification:_identify(/ros_ws) by extensions ['cmake', 'python']
[0.755s] Level 1:colcon.colcon_core.package_identification:_identify(/ros_ws) by extension 'cmake'
[0.755s] Level 1:colcon.colcon_core.package_identification:_identify(/ros_ws) by extension 'python'
[0.755s] Level 1:colcon.colcon_core.package_identification:_identify(/ros_ws) by extensions ['python_setup_py']
[0.756s] Level 1:colcon.colcon_core.package_identification:_identify(/ros_ws) by extension 'python_setup_py'
[0.756s] Level 1:colcon.colcon_core.package_identification:_identify(/ros_ws/JuanDaniel) by extensions ['ignore', 'ignore_ament_install']
[0.757s] Level 1:colcon.colcon_core.package_identification:_identify(/ros_ws/JuanDaniel) by extension 'ignore'
[0.757s] Level 1:colcon.colcon_core.package_identification:_identify(/ros_ws/JuanDaniel) by extension 'ignore_ament_install'
[0.758s] Level 1:colcon.colcon_core.package_identification:_identify(/ros_ws/JuanDaniel) by extensions ['colcon_pkg']
[0.759s] Level 1:colcon.colcon_core.package_identification:_identify(/ros_ws/JuanDaniel) by extension 'colcon_pkg'
[0.760s] Level 1:colcon.colcon_core.package_identification:_identify(/ros_ws/JuanDaniel) by extensions ['colcon_meta']
[0.760s] Level 1:colcon.colcon_core.package_identification:_identify(/ros_ws/JuanDaniel) by extension 'colcon_meta'
[0.761s] Level 1:colcon.colcon_core.package_identification:_identify(/ros_ws/JuanDaniel) by extensions ['ros']
[0.761s] Level 1:colcon.colcon_core.package_identification:_identify(/ros_ws/JuanDaniel) by extension 'ros'
[0.761s] Level 1:colcon.colcon_core.package_identification:_identify(/ros_ws/JuanDaniel) by extensions ['cmake', 'python']
[0.762s] Level 1:colcon.colcon_core.package_identification:_identify(/ros_ws/JuanDaniel) by extension 'cmake'
[0.762s] Level 1:colcon.colcon_core.package_identification:_identify(/ros_ws/JuanDaniel) by extension 'python'
[0.763s] Level 1:colcon.colcon_core.package_identification:_identify(/ros_ws/JuanDaniel) by extensions ['python_setup_py']
[0.763s] Level 1:colcon.colcon_core.package_identification:_identify(/ros_ws/JuanDaniel) by extension 'python_setup_py'
[0.764s] Level 1:colcon.colcon_core.package_identification:_identify(/ros_ws/JuanDaniel/General) by extensions ['ignore', 'ignore_ament_install']
[0.764s] Level 1:colcon.colcon_core.package_identification:_identify(/ros_ws/JuanDaniel/General) by extension 'ignore'
[0.765s] Level 1:colcon.colcon_core.package_identification:_identify(/ros_ws/JuanDaniel/General) by extension 'ignore_ament_install'
[0.765s] Level 1:colcon.colcon_core.package_identification:_identify(/ros_ws/JuanDaniel/General) by extensions ['colcon_pkg']
[0.765s] Level 1:colcon.colcon_core.package_identification:_identify(/ros_ws/JuanDaniel/General) by extension 'colcon_pkg'
[0.766s] Level 1:colcon.colcon_core.package_identification:_identify(/ros_ws/JuanDaniel/General) by extensions ['colcon_meta']
[0.766s] Level 1:colcon.colcon_core.package_identification:_identify(/ros_ws/JuanDaniel/General) by extension 'colcon_meta'
[0.767s] Level 1:colcon.colcon_core.package_identification:_identify(/ros_ws/JuanDaniel/General) by extensions ['ros']
[0.767s] Level 1:colcon.colcon_core.package_identification:_identify(/ros_ws/JuanDaniel/General) by extension 'ros'
[0.768s] Level 1:colcon.colcon_core.package_identification:_identify(/ros_ws/JuanDaniel/General) by extensions ['cmake', 'python']
[0.768s] Level 1:colcon.colcon_core.package_identification:_identify(/ros_ws/JuanDaniel/General) by extension 'cmake'
[0.768s] Level 1:colcon.colcon_core.package_identification:_identify(/ros_ws/JuanDaniel/General) by extension 'python'
[0.769s] Level 1:colcon.colcon_core.package_identification:_identify(/ros_ws/JuanDaniel/General) by extensions ['python_setup_py']
[0.769s] Level 1:colcon.colcon_core.package_identification:_identify(/ros_ws/JuanDaniel/General) by extension 'python_setup_py'
[0.770s] Level 1:colcon.colcon_core.package_identification:_identify(/ros_ws/JuanDaniel/Session-1) by extensions ['ignore', 'ignore_ament_install']
[0.771s] Level 1:colcon.colcon_core.package_identification:_identify(/ros_ws/JuanDaniel/Session-1) by extension 'ignore'
[0.771s] Level 1:colcon.colcon_core.package_identification:_identify(/ros_ws/JuanDaniel/Session-1) by extension 'ignore_ament_install'
[0.771s] Level 1:colcon.colcon_core.package_identification:_identify(/ros_ws/JuanDaniel/Session-1) by extensions ['colcon_pkg']
[0.772s] Level 1:colcon.colcon_core.package_identification:_identify(/ros_ws/JuanDaniel/Session-1) by extension 'colcon_pkg'
[0.772s] Level 1:colcon.colcon_core.package_identification:_identify(/ros_ws/JuanDaniel/Session-1) by extensions ['colcon_meta']
[0.773s] Level 1:colcon.colcon_core.package_identification:_identify(/ros_ws/JuanDaniel/Session-1) by extension 'colcon_meta'
[0.773s] Level 1:colcon.colcon_core.package_identification:_identify(/ros_ws/JuanDaniel/Session-1) by extensions ['ros']
[0.773s] Level 1:colcon.colcon_core.package_identification:_identify(/ros_ws/JuanDaniel/Session-1) by extension 'ros'
[0.774s] Level 1:colcon.colcon_core.package_identification:_identify(/ros_ws/JuanDaniel/Session-1) by extensions ['cmake', 'python']
[0.774s] Level 1:colcon.colcon_core.package_identification:_identify(/ros_ws/JuanDaniel/Session-1) by extension 'cmake'
[0.775s] Level 1:colcon.colcon_core.package_identification:_identify(/ros_ws/JuanDaniel/Session-1) by extension 'python'
[0.775s] Level 1:colcon.colcon_core.package_identification:_identify(/ros_ws/JuanDaniel/Session-1) by extensions ['python_setup_py']
[0.775s] Level 1:colcon.colcon_core.package_identification:_identify(/ros_ws/JuanDaniel/Session-1) by extension 'python_setup_py'
[0.776s] Level 1:colcon.colcon_core.package_identification:_identify(/ros_ws/JuanDaniel/Session-2) by extensions ['ignore', 'ignore_ament_install']
[0.777s] Level 1:colcon.colcon_core.package_identification:_identify(/ros_ws/JuanDaniel/Session-2) by extension 'ignore'
[0.777s] Level 1:colcon.colcon_core.package_identification:_identify(/ros_ws/JuanDaniel/Session-2) by extension 'ignore_ament_install'
[0.777s] Level 1:colcon.colcon_core.package_identification:_identify(/ros_ws/JuanDaniel/Session-2) by extensions ['colcon_pkg']
[0.778s] Level 1:colcon.colcon_core.package_identification:_identify(/ros_ws/JuanDaniel/Session-2) by extension 'colcon_pkg'
[0.778s] Level 1:colcon.colcon_core.package_identification:_identify(/ros_ws/JuanDaniel/Session-2) by extensions ['colcon_meta']
[0.778s] Level 1:colcon.colcon_core.package_identification:_identify(/ros_ws/JuanDaniel/Session-2) by extension 'colcon_meta'
[0.779s] Level 1:colcon.colcon_core.package_identification:_identify(/ros_ws/JuanDaniel/Session-2) by extensions ['ros']
[0.779s] Level 1:colcon.colcon_core.package_identification:_identify(/ros_ws/JuanDaniel/Session-2) by extension 'ros'
[0.780s] Level 1:colcon.colcon_core.package_identification:_identify(/ros_ws/JuanDaniel/Session-2) by extensions ['cmake', 'python']
[0.780s] Level 1:colcon.colcon_core.package_identification:_identify(/ros_ws/JuanDaniel/Session-2) by extension 'cmake'
[0.780s] Level 1:colcon.colcon_core.package_identification:_identify(/ros_ws/JuanDaniel/Session-2) by extension 'python'
[0.781s] Level 1:colcon.colcon_core.package_identification:_identify(/ros_ws/JuanDaniel/Session-2) by extensions ['python_setup_py']
[0.781s] Level 1:colcon.colcon_core.package_identification:_identify(/ros_ws/JuanDaniel/Session-2) by extension 'python_setup_py'
[0.782s] Level 1:colcon.colcon_core.package_identification:_identify(/ros_ws/JuanDaniel/Session-3) by extensions ['ignore', 'ignore_ament_install']
[0.782s] Level 1:colcon.colcon_core.package_identification:_identify(/ros_ws/JuanDaniel/Session-3) by extension 'ignore'
[0.783s] Level 1:colcon.colcon_core.package_identification:_identify(/ros_ws/JuanDaniel/Session-3) by extension 'ignore_ament_install'
[0.783s] Level 1:colcon.colcon_core.package_identification:_identify(/ros_ws/JuanDaniel/Session-3) by extensions ['colcon_pkg']
[0.783s] Level 1:colcon.colcon_core.package_identification:_identify(/ros_ws/JuanDaniel/Session-3) by extension 'colcon_pkg'
[0.784s] Level 1:colcon.colcon_core.package_identification:_identify(/ros_ws/JuanDaniel/Session-3) by extensions ['colcon_meta']
[0.784s] Level 1:colcon.colcon_core.package_identification:_identify(/ros_ws/JuanDaniel/Session-3) by extension 'colcon_meta'
[0.785s] Level 1:colcon.colcon_core.package_identification:_identify(/ros_ws/JuanDaniel/Session-3) by extensions ['ros']
[0.785s] Level 1:colcon.colcon_core.package_identification:_identify(/ros_ws/JuanDaniel/Session-3) by extension 'ros'
[0.785s] Level 1:colcon.colcon_core.package_identification:_identify(/ros_ws/JuanDaniel/Session-3) by extensions ['cmake', 'python']
[0.786s] Level 1:colcon.colcon_core.package_identification:_identify(/ros_ws/JuanDaniel/Session-3) by extension 'cmake'
[0.786s] Level 1:colcon.colcon_core.package_identification:_identify(/ros_ws/JuanDaniel/Session-3) by extension 'python'
[0.787s] Level 1:colcon.colcon_core.package_identification:_identify(/ros_ws/JuanDaniel/Session-3) by extensions ['python_setup_py']
[0.787s] Level 1:colcon.colcon_core.package_identification:_identify(/ros_ws/JuanDaniel/Session-3) by extension 'python_setup_py'
[0.788s] Level 1:colcon.colcon_core.package_identification:_identify(/ros_ws/JuanDaniel/Session-4) by extensions ['ignore', 'ignore_ament_install']
[0.788s] Level 1:colcon.colcon_core.package_identification:_identify(/ros_ws/JuanDaniel/Session-4) by extension 'ignore'
[0.788s] Level 1:colcon.colcon_core.package_identification:_identify(/ros_ws/JuanDaniel/Session-4) by extension 'ignore_ament_install'
[0.789s] Level 1:colcon.colcon_core.package_identification:_identify(/ros_ws/JuanDaniel/Session-4) by extensions ['colcon_pkg']
[0.789s] Level 1:colcon.colcon_core.package_identification:_identify(/ros_ws/JuanDaniel/Session-4) by extension 'colcon_pkg'
[0.790s] Level 1:colcon.colcon_core.package_identification:_identify(/ros_ws/JuanDaniel/Session-4) by extensions ['colcon_meta']
[0.790s] Level 1:colcon.colcon_core.package_identification:_identify(/ros_ws/JuanDaniel/Session-4) by extension 'colcon_meta'
[0.790s] Level 1:colcon.colcon_core.package_identification:_identify(/ros_ws/JuanDaniel/Session-4) by extensions ['ros']
[0.791s] Level 1:colcon.colcon_core.package_identification:_identify(/ros_ws/JuanDaniel/Session-4) by extension 'ros'
[0.791s] Level 1:colcon.colcon_core.package_identification:_identify(/ros_ws/JuanDaniel/Session-4) by extensions ['cmake', 'python']
[0.792s] Level 1:colcon.colcon_core.package_identification:_identify(/ros_ws/JuanDaniel/Session-4) by extension 'cmake'
[0.792s] Level 1:colcon.colcon_core.package_identification:_identify(/ros_ws/JuanDaniel/Session-4) by extension 'python'
[0.792s] Level 1:colcon.colcon_core.package_identification:_identify(/ros_ws/JuanDaniel/Session-4) by extensions ['python_setup_py']
[0.792s] Level 1:colcon.colcon_core.package_identification:_identify(/ros_ws/JuanDaniel/Session-4) by extension 'python_setup_py'
[0.793s] Level 1:colcon.colcon_core.package_identification:_identify(/ros_ws/JuanDaniel/Session-5) by extensions ['ignore', 'ignore_ament_install']
[0.793s] Level 1:colcon.colcon_core.package_identification:_identify(/ros_ws/JuanDaniel/Session-5) by extension 'ignore'
[0.794s] Level 1:colcon.colcon_core.package_identification:_identify(/ros_ws/JuanDaniel/Session-5) by extension 'ignore_ament_install'
[0.794s] Level 1:colcon.colcon_core.package_identification:_identify(/ros_ws/JuanDaniel/Session-5) by extensions ['colcon_pkg']
[0.794s] Level 1:colcon.colcon_core.package_identification:_identify(/ros_ws/JuanDaniel/Session-5) by extension 'colcon_pkg'
[0.795s] Level 1:colcon.colcon_core.package_identification:_identify(/ros_ws/JuanDaniel/Session-5) by extensions ['colcon_meta']
[0.795s] Level 1:colcon.colcon_core.package_identification:_identify(/ros_ws/JuanDaniel/Session-5) by extension 'colcon_meta'
[0.795s] Level 1:colcon.colcon_core.package_identification:_identify(/ros_ws/JuanDaniel/Session-5) by extensions ['ros']
[0.795s] Level 1:colcon.colcon_core.package_identification:_identify(/ros_ws/JuanDaniel/Session-5) by extension 'ros'
[0.796s] Level 1:colcon.colcon_core.package_identification:_identify(/ros_ws/JuanDaniel/Session-5) by extensions ['cmake', 'python']
[0.796s] Level 1:colcon.colcon_core.package_identification:_identify(/ros_ws/JuanDaniel/Session-5) by extension 'cmake'
[0.796s] Level 1:colcon.colcon_core.package_identification:_identify(/ros_ws/JuanDaniel/Session-5) by extension 'python'
[0.796s] Level 1:colcon.colcon_core.package_identification:_identify(/ros_ws/JuanDaniel/Session-5) by extensions ['python_setup_py']
[0.797s] Level 1:colcon.colcon_core.package_identification:_identify(/ros_ws/JuanDaniel/Session-5) by extension 'python_setup_py'
[0.797s] Level 1:colcon.colcon_core.package_identification:_identify(/ros_ws/JuanDaniel/Session-6) by extensions ['ignore', 'ignore_ament_install']
[0.797s] Level 1:colcon.colcon_core.package_identification:_identify(/ros_ws/JuanDaniel/Session-6) by extension 'ignore'
[0.798s] Level 1:colcon.colcon_core.package_identification:_identify(/ros_ws/JuanDaniel/Session-6) by extension 'ignore_ament_install'
[0.798s] Level 1:colcon.colcon_core.package_identification:_identify(/ros_ws/JuanDaniel/Session-6) by extensions ['colcon_pkg']
[0.798s] Level 1:colcon.colcon_core.package_identification:_identify(/ros_ws/JuanDaniel/Session-6) by extension 'colcon_pkg'
[0.798s] Level 1:colcon.colcon_core.package_identification:_identify(/ros_ws/JuanDaniel/Session-6) by extensions ['colcon_meta']
[0.798s] Level 1:colcon.colcon_core.package_identification:_identify(/ros_ws/JuanDaniel/Session-6) by extension 'colcon_meta'
[0.798s] Level 1:colcon.colcon_core.package_identification:_identify(/ros_ws/JuanDaniel/Session-6) by extensions ['ros']
[0.799s] Level 1:colcon.colcon_core.package_identification:_identify(/ros_ws/JuanDaniel/Session-6) by extension 'ros'
[0.799s] Level 1:colcon.colcon_core.package_identification:_identify(/ros_ws/JuanDaniel/Session-6) by extensions ['cmake', 'python']
[0.799s] Level 1:colcon.colcon_core.package_identification:_identify(/ros_ws/JuanDaniel/Session-6) by extension 'cmake'
[0.799s] Level 1:colcon.colcon_core.package_identification:_identify(/ros_ws/JuanDaniel/Session-6) by extension 'python'
[0.799s] Level 1:colcon.colcon_core.package_identification:_identify(/ros_ws/JuanDaniel/Session-6) by extensions ['python_setup_py']
[0.799s] Level 1:colcon.colcon_core.package_identification:_identify(/ros_ws/JuanDaniel/Session-6) by extension 'python_setup_py'
[0.800s] Level 1:colcon.colcon_core.package_identification:_identify(/ros_ws/JuanDaniel_french) by extensions ['ignore', 'ignore_ament_install']
[0.800s] Level 1:colcon.colcon_core.package_identification:_identify(/ros_ws/JuanDaniel_french) by extension 'ignore'
[0.801s] Level 1:colcon.colcon_core.package_identification:_identify(/ros_ws/JuanDaniel_french) by extension 'ignore_ament_install'
[0.801s] Level 1:colcon.colcon_core.package_identification:_identify(/ros_ws/JuanDaniel_french) by extensions ['colcon_pkg']
[0.801s] Level 1:colcon.colcon_core.package_identification:_identify(/ros_ws/JuanDaniel_french) by extension 'colcon_pkg'
[0.802s] Level 1:colcon.colcon_core.package_identification:_identify(/ros_ws/JuanDaniel_french) by extensions ['colcon_meta']
[0.802s] Level 1:colcon.colcon_core.package_identification:_identify(/ros_ws/JuanDaniel_french) by extension 'colcon_meta'
[0.802s] Level 1:colcon.colcon_core.package_identification:_identify(/ros_ws/JuanDaniel_french) by extensions ['ros']
[0.803s] Level 1:colcon.colcon_core.package_identification:_identify(/ros_ws/JuanDaniel_french) by extension 'ros'
[0.803s] Level 1:colcon.colcon_core.package_identification:_identify(/ros_ws/JuanDaniel_french) by extensions ['cmake', 'python']
[0.803s] Level 1:colcon.colcon_core.package_identification:_identify(/ros_ws/JuanDaniel_french) by extension 'cmake'
[0.804s] Level 1:colcon.colcon_core.package_identification:_identify(/ros_ws/JuanDaniel_french) by extension 'python'
[0.804s] Level 1:colcon.colcon_core.package_identification:_identify(/ros_ws/JuanDaniel_french) by extensions ['python_setup_py']
[0.804s] Level 1:colcon.colcon_core.package_identification:_identify(/ros_ws/JuanDaniel_french) by extension 'python_setup_py'
[0.805s] Level 1:colcon.colcon_core.package_identification:_identify(/ros_ws/JuanDaniel_french/General) by extensions ['ignore', 'ignore_ament_install']
[0.806s] Level 1:colcon.colcon_core.package_identification:_identify(/ros_ws/JuanDaniel_french/General) by extension 'ignore'
[0.806s] Level 1:colcon.colcon_core.package_identification:_identify(/ros_ws/JuanDaniel_french/General) by extension 'ignore_ament_install'
[0.806s] Level 1:colcon.colcon_core.package_identification:_identify(/ros_ws/JuanDaniel_french/General) by extensions ['colcon_pkg']
[0.807s] Level 1:colcon.colcon_core.package_identification:_identify(/ros_ws/JuanDaniel_french/General) by extension 'colcon_pkg'
[0.807s] Level 1:colcon.colcon_core.package_identification:_identify(/ros_ws/JuanDaniel_french/General) by extensions ['colcon_meta']
[0.807s] Level 1:colcon.colcon_core.package_identification:_identify(/ros_ws/JuanDaniel_french/General) by extension 'colcon_meta'
[0.808s] Level 1:colcon.colcon_core.package_identification:_identify(/ros_ws/JuanDaniel_french/General) by extensions ['ros']
[0.808s] Level 1:colcon.colcon_core.package_identification:_identify(/ros_ws/JuanDaniel_french/General) by extension 'ros'
[0.808s] Level 1:colcon.colcon_core.package_identification:_identify(/ros_ws/JuanDaniel_french/General) by extensions ['cmake', 'python']
[0.808s] Level 1:colcon.colcon_core.package_identification:_identify(/ros_ws/JuanDaniel_french/General) by extension 'cmake'
[0.809s] Level 1:colcon.colcon_core.package_identification:_identify(/ros_ws/JuanDaniel_french/General) by extension 'python'
[0.809s] Level 1:colcon.colcon_core.package_identification:_identify(/ros_ws/JuanDaniel_french/General) by extensions ['python_setup_py']
[0.809s] Level 1:colcon.colcon_core.package_identification:_identify(/ros_ws/JuanDaniel_french/General) by extension 'python_setup_py'
[0.809s] Level 1:colcon.colcon_core.package_identification:_identify(/ros_ws/JuanDaniel_french/Session-2) by extensions ['ignore', 'ignore_ament_install']
[0.810s] Level 1:colcon.colcon_core.package_identification:_identify(/ros_ws/JuanDaniel_french/Session-2) by extension 'ignore'
[0.810s] Level 1:colcon.colcon_core.package_identification:_identify(/ros_ws/JuanDaniel_french/Session-2) by extension 'ignore_ament_install'
[0.810s] Level 1:colcon.colcon_core.package_identification:_identify(/ros_ws/JuanDaniel_french/Session-2) by extensions ['colcon_pkg']
[0.810s] Level 1:colcon.colcon_core.package_identification:_identify(/ros_ws/JuanDaniel_french/Session-2) by extension 'colcon_pkg'
[0.810s] Level 1:colcon.colcon_core.package_identification:_identify(/ros_ws/JuanDaniel_french/Session-2) by extensions ['colcon_meta']
[0.810s] Level 1:colcon.colcon_core.package_identification:_identify(/ros_ws/JuanDaniel_french/Session-2) by extension 'colcon_meta'
[0.810s] Level 1:colcon.colcon_core.package_identification:_identify(/ros_ws/JuanDaniel_french/Session-2) by extensions ['ros']
[0.811s] Level 1:colcon.colcon_core.package_identification:_identify(/ros_ws/JuanDaniel_french/Session-2) by extension 'ros'
[0.811s] Level 1:colcon.colcon_core.package_identification:_identify(/ros_ws/JuanDaniel_french/Session-2) by extensions ['cmake', 'python']
[0.811s] Level 1:colcon.colcon_core.package_identification:_identify(/ros_ws/JuanDaniel_french/Session-2) by extension 'cmake'
[0.811s] Level 1:colcon.colcon_core.package_identification:_identify(/ros_ws/JuanDaniel_french/Session-2) by extension 'python'
[0.811s] Level 1:colcon.colcon_core.package_identification:_identify(/ros_ws/JuanDaniel_french/Session-2) by extensions ['python_setup_py']
[0.811s] Level 1:colcon.colcon_core.package_identification:_identify(/ros_ws/JuanDaniel_french/Session-2) by extension 'python_setup_py'
[0.812s] Level 1:colcon.colcon_core.package_identification:_identify(/ros_ws/JuanDaniel_french/Session-3) by extensions ['ignore', 'ignore_ament_install']
[0.812s] Level 1:colcon.colcon_core.package_identification:_identify(/ros_ws/JuanDaniel_french/Session-3) by extension 'ignore'
[0.812s] Level 1:colcon.colcon_core.package_identification:_identify(/ros_ws/JuanDaniel_french/Session-3) by extension 'ignore_ament_install'
[0.812s] Level 1:colcon.colcon_core.package_identification:_identify(/ros_ws/JuanDaniel_french/Session-3) by extensions ['colcon_pkg']
[0.813s] Level 1:colcon.colcon_core.package_identification:_identify(/ros_ws/JuanDaniel_french/Session-3) by extension 'colcon_pkg'
[0.813s] Level 1:colcon.colcon_core.package_identification:_identify(/ros_ws/JuanDaniel_french/Session-3) by extensions ['colcon_meta']
[0.813s] Level 1:colcon.colcon_core.package_identification:_identify(/ros_ws/JuanDaniel_french/Session-3) by extension 'colcon_meta'
[0.813s] Level 1:colcon.colcon_core.package_identification:_identify(/ros_ws/JuanDaniel_french/Session-3) by extensions ['ros']
[0.813s] Level 1:colcon.colcon_core.package_identification:_identify(/ros_ws/JuanDaniel_french/Session-3) by extension 'ros'
[0.813s] Level 1:colcon.colcon_core.package_identification:_identify(/ros_ws/JuanDaniel_french/Session-3) by extensions ['cmake', 'python']
[0.813s] Level 1:colcon.colcon_core.package_identification:_identify(/ros_ws/JuanDaniel_french/Session-3) by extension 'cmake'
[0.814s] Level 1:colcon.colcon_core.package_identification:_identify(/ros_ws/JuanDaniel_french/Session-3) by extension 'python'
[0.814s] Level 1:colcon.colcon_core.package_identification:_identify(/ros_ws/JuanDaniel_french/Session-3) by extensions ['python_setup_py']
[0.814s] Level 1:colcon.colcon_core.package_identification:_identify(/ros_ws/JuanDaniel_french/Session-3) by extension 'python_setup_py'
[0.814s] Level 1:colcon.colcon_core.package_identification:_identify(/ros_ws/JuanDaniel_french/Session-4) by extensions ['ignore', 'ignore_ament_install']
[0.815s] Level 1:colcon.colcon_core.package_identification:_identify(/ros_ws/JuanDaniel_french/Session-4) by extension 'ignore'
[0.815s] Level 1:colcon.colcon_core.package_identification:_identify(/ros_ws/JuanDaniel_french/Session-4) by extension 'ignore_ament_install'
[0.815s] Level 1:colcon.colcon_core.package_identification:_identify(/ros_ws/JuanDaniel_french/Session-4) by extensions ['colcon_pkg']
[0.815s] Level 1:colcon.colcon_core.package_identification:_identify(/ros_ws/JuanDaniel_french/Session-4) by extension 'colcon_pkg'
[0.816s] Level 1:colcon.colcon_core.package_identification:_identify(/ros_ws/JuanDaniel_french/Session-4) by extensions ['colcon_meta']
[0.816s] Level 1:colcon.colcon_core.package_identification:_identify(/ros_ws/JuanDaniel_french/Session-4) by extension 'colcon_meta'
[0.816s] Level 1:colcon.colcon_core.package_identification:_identify(/ros_ws/JuanDaniel_french/Session-4) by extensions ['ros']
[0.816s] Level 1:colcon.colcon_core.package_identification:_identify(/ros_ws/JuanDaniel_french/Session-4) by extension 'ros'
[0.817s] Level 1:colcon.colcon_core.package_identification:_identify(/ros_ws/JuanDaniel_french/Session-4) by extensions ['cmake', 'python']
[0.817s] Level 1:colcon.colcon_core.package_identification:_identify(/ros_ws/JuanDaniel_french/Session-4) by extension 'cmake'
[0.817s] Level 1:colcon.colcon_core.package_identification:_identify(/ros_ws/JuanDaniel_french/Session-4) by extension 'python'
[0.818s] Level 1:colcon.colcon_core.package_identification:_identify(/ros_ws/JuanDaniel_french/Session-4) by extensions ['python_setup_py']
[0.818s] Level 1:colcon.colcon_core.package_identification:_identify(/ros_ws/JuanDaniel_french/Session-4) by extension 'python_setup_py'
[0.818s] Level 1:colcon.colcon_core.package_identification:_identify(/ros_ws/JuanDaniel_french/Session-5) by extensions ['ignore', 'ignore_ament_install']
[0.819s] Level 1:colcon.colcon_core.package_identification:_identify(/ros_ws/JuanDaniel_french/Session-5) by extension 'ignore'
[0.819s] Level 1:colcon.colcon_core.package_identification:_identify(/ros_ws/JuanDaniel_french/Session-5) by extension 'ignore_ament_install'
[0.819s] Level 1:colcon.colcon_core.package_identification:_identify(/ros_ws/JuanDaniel_french/Session-5) by extensions ['colcon_pkg']
[0.820s] Level 1:colcon.colcon_core.package_identification:_identify(/ros_ws/JuanDaniel_french/Session-5) by extension 'colcon_pkg'
[0.820s] Level 1:colcon.colcon_core.package_identification:_identify(/ros_ws/JuanDaniel_french/Session-5) by extensions ['colcon_meta']
[0.820s] Level 1:colcon.colcon_core.package_identification:_identify(/ros_ws/JuanDaniel_french/Session-5) by extension 'colcon_meta'
[0.820s] Level 1:colcon.colcon_core.package_identification:_identify(/ros_ws/JuanDaniel_french/Session-5) by extensions ['ros']
[0.820s] Level 1:colcon.colcon_core.package_identification:_identify(/ros_ws/JuanDaniel_french/Session-5) by extension 'ros'
[0.821s] Level 1:colcon.colcon_core.package_identification:_identify(/ros_ws/JuanDaniel_french/Session-5) by extensions ['cmake', 'python']
[0.821s] Level 1:colcon.colcon_core.package_identification:_identify(/ros_ws/JuanDaniel_french/Session-5) by extension 'cmake'
[0.821s] Level 1:colcon.colcon_core.package_identification:_identify(/ros_ws/JuanDaniel_french/Session-5) by extension 'python'
[0.822s] Level 1:colcon.colcon_core.package_identification:_identify(/ros_ws/JuanDaniel_french/Session-5) by extensions ['python_setup_py']
[0.822s] Level 1:colcon.colcon_core.package_identification:_identify(/ros_ws/JuanDaniel_french/Session-5) by extension 'python_setup_py'
[0.822s] Level 1:colcon.colcon_core.package_identification:_identify(/ros_ws/JuanDaniel_french/Session-6) by extensions ['ignore', 'ignore_ament_install']
[0.822s] Level 1:colcon.colcon_core.package_identification:_identify(/ros_ws/JuanDaniel_french/Session-6) by extension 'ignore'
[0.823s] Level 1:colcon.colcon_core.package_identification:_identify(/ros_ws/JuanDaniel_french/Session-6) by extension 'ignore_ament_install'
[0.823s] Level 1:colcon.colcon_core.package_identification:_identify(/ros_ws/JuanDaniel_french/Session-6) by extensions ['colcon_pkg']
[0.823s] Level 1:colcon.colcon_core.package_identification:_identify(/ros_ws/JuanDaniel_french/Session-6) by extension 'colcon_pkg'
[0.823s] Level 1:colcon.colcon_core.package_identification:_identify(/ros_ws/JuanDaniel_french/Session-6) by extensions ['colcon_meta']
[0.823s] Level 1:colcon.colcon_core.package_identification:_identify(/ros_ws/JuanDaniel_french/Session-6) by extension 'colcon_meta'
[0.823s] Level 1:colcon.colcon_core.package_identification:_identify(/ros_ws/JuanDaniel_french/Session-6) by extensions ['ros']
[0.824s] Level 1:colcon.colcon_core.package_identification:_identify(/ros_ws/JuanDaniel_french/Session-6) by extension 'ros'
[0.824s] Level 1:colcon.colcon_core.package_identification:_identify(/ros_ws/JuanDaniel_french/Session-6) by extensions ['cmake', 'python']
[0.824s] Level 1:colcon.colcon_core.package_identification:_identify(/ros_ws/JuanDaniel_french/Session-6) by extension 'cmake'
[0.824s] Level 1:colcon.colcon_core.package_identification:_identify(/ros_ws/JuanDaniel_french/Session-6) by extension 'python'
[0.825s] Level 1:colcon.colcon_core.package_identification:_identify(/ros_ws/JuanDaniel_french/Session-6) by extensions ['python_setup_py']
[0.825s] Level 1:colcon.colcon_core.package_identification:_identify(/ros_ws/JuanDaniel_french/Session-6) by extension 'python_setup_py'
[0.825s] Level 1:colcon.colcon_core.package_identification:_identify(/ros_ws/build) by extensions ['ignore', 'ignore_ament_install']
[0.826s] Level 1:colcon.colcon_core.package_identification:_identify(/ros_ws/build) by extension 'ignore'
[0.826s] Level 1:colcon.colcon_core.package_identification:_identify(/ros_ws/build) ignored
[0.826s] Level 1:colcon.colcon_core.package_identification:_identify(/ros_ws/docker) by extensions ['ignore', 'ignore_ament_install']
[0.827s] Level 1:colcon.colcon_core.package_identification:_identify(/ros_ws/docker) by extension 'ignore'
[0.827s] Level 1:colcon.colcon_core.package_identification:_identify(/ros_ws/docker) by extension 'ignore_ament_install'
[0.827s] Level 1:colcon.colcon_core.package_identification:_identify(/ros_ws/docker) by extensions ['colcon_pkg']
[0.827s] Level 1:colcon.colcon_core.package_identification:_identify(/ros_ws/docker) by extension 'colcon_pkg'
[0.828s] Level 1:colcon.colcon_core.package_identification:_identify(/ros_ws/docker) by extensions ['colcon_meta']
[0.828s] Level 1:colcon.colcon_core.package_identification:_identify(/ros_ws/docker) by extension 'colcon_meta'
[0.828s] Level 1:colcon.colcon_core.package_identification:_identify(/ros_ws/docker) by extensions ['ros']
[0.828s] Level 1:colcon.colcon_core.package_identification:_identify(/ros_ws/docker) by extension 'ros'
[0.829s] Level 1:colcon.colcon_core.package_identification:_identify(/ros_ws/docker) by extensions ['cmake', 'python']
[0.829s] Level 1:colcon.colcon_core.package_identification:_identify(/ros_ws/docker) by extension 'cmake'
[0.829s] Level 1:colcon.colcon_core.package_identification:_identify(/ros_ws/docker) by extension 'python'
[0.830s] Level 1:colcon.colcon_core.package_identification:_identify(/ros_ws/docker) by extensions ['python_setup_py']
[0.830s] Level 1:colcon.colcon_core.package_identification:_identify(/ros_ws/docker) by extension 'python_setup_py'
[0.830s] Level 1:colcon.colcon_core.package_identification:_identify(/ros_ws/docker/worlds) by extensions ['ignore', 'ignore_ament_install']
[0.831s] Level 1:colcon.colcon_core.package_identification:_identify(/ros_ws/docker/worlds) by extension 'ignore'
[0.831s] Level 1:colcon.colcon_core.package_identification:_identify(/ros_ws/docker/worlds) by extension 'ignore_ament_install'
[0.831s] Level 1:colcon.colcon_core.package_identification:_identify(/ros_ws/docker/worlds) by extensions ['colcon_pkg']
[0.831s] Level 1:colcon.colcon_core.package_identification:_identify(/ros_ws/docker/worlds) by extension 'colcon_pkg'
[0.832s] Level 1:colcon.colcon_core.package_identification:_identify(/ros_ws/docker/worlds) by extensions ['colcon_meta']
[0.832s] Level 1:colcon.colcon_core.package_identification:_identify(/ros_ws/docker/worlds) by extension 'colcon_meta'
[0.832s] Level 1:colcon.colcon_core.package_identification:_identify(/ros_ws/docker/worlds) by extensions ['ros']
[0.832s] Level 1:colcon.colcon_core.package_identification:_identify(/ros_ws/docker/worlds) by extension 'ros'
[0.833s] Level 1:colcon.colcon_core.package_identification:_identify(/ros_ws/docker/worlds) by extensions ['cmake', 'python']
[0.833s] Level 1:colcon.colcon_core.package_identification:_identify(/ros_ws/docker/worlds) by extension 'cmake'
[0.833s] Level 1:colcon.colcon_core.package_identification:_identify(/ros_ws/docker/worlds) by extension 'python'
[0.834s] Level 1:colcon.colcon_core.package_identification:_identify(/ros_ws/docker/worlds) by extensions ['python_setup_py']
[0.834s] Level 1:colcon.colcon_core.package_identification:_identify(/ros_ws/docker/worlds) by extension 'python_setup_py'
[0.835s] Level 1:colcon.colcon_core.package_identification:_identify(/ros_ws/install) by extensions ['ignore', 'ignore_ament_install']
[0.835s] Level 1:colcon.colcon_core.package_identification:_identify(/ros_ws/install) by extension 'ignore'
[0.835s] Level 1:colcon.colcon_core.package_identification:_identify(/ros_ws/install) ignored
[0.836s] Level 1:colcon.colcon_core.package_identification:_identify(/ros_ws/log) by extensions ['ignore', 'ignore_ament_install']
[0.836s] Level 1:colcon.colcon_core.package_identification:_identify(/ros_ws/log) by extension 'ignore'
[0.837s] Level 1:colcon.colcon_core.package_identification:_identify(/ros_ws/log) ignored
[0.837s] Level 1:colcon.colcon_core.package_identification:_identify(/ros_ws/scripts) by extensions ['ignore', 'ignore_ament_install']
[0.838s] Level 1:colcon.colcon_core.package_identification:_identify(/ros_ws/scripts) by extension 'ignore'
[0.838s] Level 1:colcon.colcon_core.package_identification:_identify(/ros_ws/scripts) by extension 'ignore_ament_install'
[0.838s] Level 1:colcon.colcon_core.package_identification:_identify(/ros_ws/scripts) by extensions ['colcon_pkg']
[0.838s] Level 1:colcon.colcon_core.package_identification:_identify(/ros_ws/scripts) by extension 'colcon_pkg'
[0.839s] Level 1:colcon.colcon_core.package_identification:_identify(/ros_ws/scripts) by extensions ['colcon_meta']
[0.839s] Level 1:colcon.colcon_core.package_identification:_identify(/ros_ws/scripts) by extension 'colcon_meta'
[0.839s] Level 1:colcon.colcon_core.package_identification:_identify(/ros_ws/scripts) by extensions ['ros']
[0.840s] Level 1:colcon.colcon_core.package_identification:_identify(/ros_ws/scripts) by extension 'ros'
[0.840s] Level 1:colcon.colcon_core.package_identification:_identify(/ros_ws/scripts) by extensions ['cmake', 'python']
[0.840s] Level 1:colcon.colcon_core.package_identification:_identify(/ros_ws/scripts) by extension 'cmake'
[0.841s] Level 1:colcon.colcon_core.package_identification:_identify(/ros_ws/scripts) by extension 'python'
[0.841s] Level 1:colcon.colcon_core.package_identification:_identify(/ros_ws/scripts) by extensions ['python_setup_py']
[0.841s] Level 1:colcon.colcon_core.package_identification:_identify(/ros_ws/scripts) by extension 'python_setup_py'
[0.841s] Level 1:colcon.colcon_core.package_identification:_identify(/ros_ws/src) by extensions ['ignore', 'ignore_ament_install']
[0.842s] Level 1:colcon.colcon_core.package_identification:_identify(/ros_ws/src) by extension 'ignore'
[0.842s] Level 1:colcon.colcon_core.package_identification:_identify(/ros_ws/src) by extension 'ignore_ament_install'
[0.842s] Level 1:colcon.colcon_core.package_identification:_identify(/ros_ws/src) by extensions ['colcon_pkg']
[0.842s] Level 1:colcon.colcon_core.package_identification:_identify(/ros_ws/src) by extension 'colcon_pkg'
[0.842s] Level 1:colcon.colcon_core.package_identification:_identify(/ros_ws/src) by extensions ['colcon_meta']
[0.842s] Level 1:colcon.colcon_core.package_identification:_identify(/ros_ws/src) by extension 'colcon_meta'
[0.842s] Level 1:colcon.colcon_core.package_identification:_identify(/ros_ws/src) by extensions ['ros']
[0.843s] Level 1:colcon.colcon_core.package_identification:_identify(/ros_ws/src) by extension 'ros'
[0.843s] Level 1:colcon.colcon_core.package_identification:_identify(/ros_ws/src) by extensions ['cmake', 'python']
[0.843s] Level 1:colcon.colcon_core.package_identification:_identify(/ros_ws/src) by extension 'cmake'
[0.843s] Level 1:colcon.colcon_core.package_identification:_identify(/ros_ws/src) by extension 'python'
[0.843s] Level 1:colcon.colcon_core.package_identification:_identify(/ros_ws/src) by extensions ['python_setup_py']
[0.843s] Level 1:colcon.colcon_core.package_identification:_identify(/ros_ws/src) by extension 'python_setup_py'
[0.844s] Level 1:colcon.colcon_core.package_identification:_identify(/ros_ws/src/my_package) by extensions ['ignore', 'ignore_ament_install']
[0.844s] Level 1:colcon.colcon_core.package_identification:_identify(/ros_ws/src/my_package) by extension 'ignore'
[0.844s] Level 1:colcon.colcon_core.package_identification:_identify(/ros_ws/src/my_package) by extension 'ignore_ament_install'
[0.844s] Level 1:colcon.colcon_core.package_identification:_identify(/ros_ws/src/my_package) by extensions ['colcon_pkg']
[0.844s] Level 1:colcon.colcon_core.package_identification:_identify(/ros_ws/src/my_package) by extension 'colcon_pkg'
[0.845s] Level 1:colcon.colcon_core.package_identification:_identify(/ros_ws/src/my_package) by extensions ['colcon_meta']
[0.845s] Level 1:colcon.colcon_core.package_identification:_identify(/ros_ws/src/my_package) by extension 'colcon_meta'
[0.845s] Level 1:colcon.colcon_core.package_identification:_identify(/ros_ws/src/my_package) by extensions ['ros']
[0.845s] Level 1:colcon.colcon_core.package_identification:_identify(/ros_ws/src/my_package) by extension 'ros'
[0.851s] DEBUG:colcon.colcon_core.package_identification:Package '/ros_ws/src/my_package' with type 'ros.ament_python' and name 'my_package'
[0.852s] Level 1:colcon.colcon_core.package_discovery:discover_packages(recursive) using defaults
