[1.755s] Invoking command in '/ros_ws/build/my_package': PYTHONPATH=/ros_ws/build/my_package/prefix_override:/usr/lib/python3/dist-packages/colcon_core/task/python/colcon_distutils_commands:/ros_ws/install/my_package/lib/python3.10/site-packages:${PYTHONPATH} /usr/bin/python3 -W ignore:setup.py install is deprecated -W ignore:easy_install command is deprecated setup.py develop --editable --build-directory /ros_ws/build/my_package/build --no-deps symlink_data
[2.460s] running develop
[2.860s] running egg_info
[2.861s] creating my_package.egg-info
[2.862s] writing my_package.egg-info/PKG-INFO
[2.865s] writing dependency_links to my_package.egg-info/dependency_links.txt
[2.866s] writing entry points to my_package.egg-info/entry_points.txt
[2.866s] writing requirements to my_package.egg-info/requires.txt
[2.867s] writing top-level names to my_package.egg-info/top_level.txt
[2.868s] writing manifest file 'my_package.egg-info/SOURCES.txt'
[2.872s] reading manifest file 'my_package.egg-info/SOURCES.txt'
[2.872s] writing manifest file 'my_package.egg-info/SOURCES.txt'
[2.876s] running build_ext
[2.876s] Creating /ros_ws/install/my_package/lib/python3.10/site-packages/my-package.egg-link (link to .)
[2.883s] 
[2.883s] Installed /ros_ws/build/my_package
[2.884s] running symlink_data
[2.884s] creating /ros_ws/install/my_package/share/ament_index
[2.884s] creating /ros_ws/install/my_package/share/ament_index/resource_index
[2.884s] creating /ros_ws/install/my_package/share/ament_index/resource_index/packages
[2.885s] symbolically linking /ros_ws/build/my_package/resource/my_package -> /ros_ws/install/my_package/share/ament_index/resource_index/packages
[2.885s] symbolically linking /ros_ws/build/my_package/package.xml -> /ros_ws/install/my_package/share/my_package
[2.950s] Invoked command in '/ros_ws/build/my_package' returned '0': PYTHONPATH=/ros_ws/build/my_package/prefix_override:/usr/lib/python3/dist-packages/colcon_core/task/python/colcon_distutils_commands:/ros_ws/install/my_package/lib/python3.10/site-packages:${PYTHONPATH} /usr/bin/python3 -W ignore:setup.py install is deprecated -W ignore:easy_install command is deprecated setup.py develop --editable --build-directory /ros_ws/build/my_package/build --no-deps symlink_data
